#
# A fatal error has been detected by the Java Runtime Environment:
#
#  SIGSEGV (0xb) at pc=0x00007efc5365ab14, pid=19843, tid=19893
#
# JRE version: OpenJDK Runtime Environment (15.0.3+3) (build 15.0.3+3)
# Java VM: OpenJDK 64-Bit Server VM (15.0.3+3, mixed mode, tiered, compressed oops, g1 gc, linux-amd64)
# Problematic frame:
# C  [libpthread.so.0+0x13b14]  pthread_setaffinity_np+0x4
#
# Core dump will be written. Default location: Core dumps may be processed with "/usr/lib/systemd/systemd-coredump %P %u %g %s %t %c %h" (or dumping to /mnt/hdd/Dev/Java/Prog3Proyecto/core.19843)
#
# If you would like to submit a bug report, please visit:
#   https://bugreport.java.com/bugreport/crash.jsp
# The crash happened outside the Java Virtual Machine in native code.
# See problematic frame for where to report the bug.
#

---------------  S U M M A R Y ------------

Command Line: -Dfile.encoding=UTF-8 -XX:+ShowCodeDetailsInExceptionMessages prog3proyecto.main.VentanaMain

Host: 